
                           Design Compiler Graphical 
                                 DC Ultra (TM)
                                  DFTMAX (TM)
                              Power Compiler (TM)
                                 DesignWare (R)
                                 DC Expert (TM)
                               Design Vision (TM)
                               HDL Compiler (TM)
                               VHDL Compiler (TM)
                                  DFT Compiler
                               Design Compiler(R)

                 Version R-2020.09 for linux64 - Aug 26, 2020 

                    Copyright (c) 1988 - 2020 Synopsys, Inc.
   This software and the associated documentation are proprietary to Synopsys,
 Inc. This software may only be used in accordance with the terms and conditions
 of a written license agreement with Synopsys, Inc. All other use, reproduction,
            or distribution of this software is strictly prohibited.
Initializing...
#======================================================
#
# Synopsys Synthesis Scripts (Design Vision dctcl mode)
#
#======================================================
#======================================================
#  Set Libraries
#======================================================
set search_path {./../01_RTL                    ./../04_MEM                    ~iclabta01/umc018/Synthesis/                    /usr/synthesis/libraries/syn/                    /usr/synthesis/dw/ }
./../01_RTL                    ./../04_MEM                    ~iclabta01/umc018/Synthesis/                    /usr/synthesis/libraries/syn/                    /usr/synthesis/dw/ 
set synthetic_library {dw_foundation.sldb}
dw_foundation.sldb
set link_library {* dw_foundation.sldb standard.sldb slow.db BIN_MEM_200MHz.db}
* dw_foundation.sldb standard.sldb slow.db BIN_MEM_200MHz.db
set target_library {slow.db}
slow.db
#report_lib slow
#======================================================
#  Global Parameters
#======================================================
set DESIGN "TOF"
TOF
set CYCLE 5.5
5.5
#======================================================
#  Read RTL Code
#======================================================
read_sverilog {$DESIGN\.v}
Loading db file '/usr/synthesis/libraries/syn/dw_foundation.sldb'
Loading db file '/usr/synthesis/libraries/syn/standard.sldb'
Loading db file '/RAID2/COURSE/iclab/iclabta01/umc018/Synthesis/slow.db'
Loading db file '/home/RAID2/COURSE/iclab/iclab039/Final_Project/04_MEM/BIN_MEM_200MHz.db'
Loading db file '/RAID2/EDA/synopsys/synthesis/2020.09/libraries/syn/gtech.db'
Loading db file '/RAID2/EDA/synopsys/synthesis/2020.09/libraries/syn/standard.sldb'
  Loading link library 'slow'
  Loading link library 'USERLIB'
  Loading link library 'gtech'
Loading sverilog file '/home/RAID2/COURSE/iclab/iclab039/Final_Project/01_RTL/TOF.v'
Detecting input file type automatically (-rtl or -netlist).
Reading with Presto HDL Compiler (equivalent to -rtl option).
Running PRESTO HDLC
Compiling source file /home/RAID2/COURSE/iclab/iclab039/Final_Project/01_RTL/TOF.v
Warning:  /home/RAID2/COURSE/iclab/iclab039/Final_Project/01_RTL/TOF.v:644: signed to unsigned conversion occurs. (VER-318)
Warning:  /home/RAID2/COURSE/iclab/iclab039/Final_Project/01_RTL/TOF.v:880: signed to unsigned assignment occurs. (VER-318)
Warning:  /home/RAID2/COURSE/iclab/iclab039/Final_Project/01_RTL/TOF.v:881: signed to unsigned assignment occurs. (VER-318)
Warning:  /home/RAID2/COURSE/iclab/iclab039/Final_Project/01_RTL/TOF.v:889: signed to unsigned conversion occurs. (VER-318)
Warning:  /home/RAID2/COURSE/iclab/iclab039/Final_Project/01_RTL/TOF.v:890: signed to unsigned conversion occurs. (VER-318)
Warning:  /home/RAID2/COURSE/iclab/iclab039/Final_Project/01_RTL/TOF.v:1540: signed to unsigned assignment occurs. (VER-318)
Warning:  /home/RAID2/COURSE/iclab/iclab039/Final_Project/01_RTL/TOF.v:1541: signed to unsigned assignment occurs. (VER-318)
Warning:  /home/RAID2/COURSE/iclab/iclab039/Final_Project/01_RTL/TOF.v:1542: signed to unsigned assignment occurs. (VER-318)
Warning:  /home/RAID2/COURSE/iclab/iclab039/Final_Project/01_RTL/TOF.v:1543: signed to unsigned assignment occurs. (VER-318)
Warning:  /home/RAID2/COURSE/iclab/iclab039/Final_Project/01_RTL/TOF.v:1544: signed to unsigned assignment occurs. (VER-318)
Warning:  /home/RAID2/COURSE/iclab/iclab039/Final_Project/01_RTL/TOF.v:1545: signed to unsigned assignment occurs. (VER-318)
Warning:  /home/RAID2/COURSE/iclab/iclab039/Final_Project/01_RTL/TOF.v:1546: signed to unsigned assignment occurs. (VER-318)
Warning:  /home/RAID2/COURSE/iclab/iclab039/Final_Project/01_RTL/TOF.v:1547: signed to unsigned assignment occurs. (VER-318)

Statistics for case statements in always block at line 282 in file
	'/home/RAID2/COURSE/iclab/iclab039/Final_Project/01_RTL/TOF.v'
===============================================
|           Line           |  full/ parallel  |
===============================================
|           284            |    auto/auto     |
===============================================

Statistics for case statements in always block at line 325 in file
	'/home/RAID2/COURSE/iclab/iclab039/Final_Project/01_RTL/TOF.v'
===============================================
|           Line           |  full/ parallel  |
===============================================
|           328            |    auto/auto     |
|           330            |    auto/auto     |
===============================================

Statistics for case statements in always block at line 351 in file
	'/home/RAID2/COURSE/iclab/iclab039/Final_Project/01_RTL/TOF.v'
===============================================
|           Line           |  full/ parallel  |
===============================================
|           354            |    auto/auto     |
|           363            |    auto/auto     |
===============================================

Statistics for case statements in always block at line 423 in file
	'/home/RAID2/COURSE/iclab/iclab039/Final_Project/01_RTL/TOF.v'
===============================================
|           Line           |  full/ parallel  |
===============================================
|           425            |    auto/auto     |
===============================================

Statistics for case statements in always block at line 472 in file
	'/home/RAID2/COURSE/iclab/iclab039/Final_Project/01_RTL/TOF.v'
===============================================
|           Line           |  full/ parallel  |
===============================================
|           475            |    auto/auto     |
===============================================

Statistics for case statements in always block at line 488 in file
	'/home/RAID2/COURSE/iclab/iclab039/Final_Project/01_RTL/TOF.v'
===============================================
|           Line           |  full/ parallel  |
===============================================
|           491            |    auto/auto     |
|           502            |    auto/auto     |
===============================================

Statistics for case statements in always block at line 519 in file
	'/home/RAID2/COURSE/iclab/iclab039/Final_Project/01_RTL/TOF.v'
===============================================
|           Line           |  full/ parallel  |
===============================================
|           522            |    auto/auto     |
===============================================

Statistics for case statements in always block at line 586 in file
	'/home/RAID2/COURSE/iclab/iclab039/Final_Project/01_RTL/TOF.v'
===============================================
|           Line           |  full/ parallel  |
===============================================
|           589            |    auto/auto     |
===============================================

Statistics for case statements in always block at line 637 in file
	'/home/RAID2/COURSE/iclab/iclab039/Final_Project/01_RTL/TOF.v'
===============================================
|           Line           |  full/ parallel  |
===============================================
|           640            |    auto/auto     |
===============================================

Statistics for case statements in always block at line 762 in file
	'/home/RAID2/COURSE/iclab/iclab039/Final_Project/01_RTL/TOF.v'
===============================================
|           Line           |  full/ parallel  |
===============================================
|           763            |    auto/auto     |
===============================================

Statistics for case statements in always block at line 787 in file
	'/home/RAID2/COURSE/iclab/iclab039/Final_Project/01_RTL/TOF.v'
===============================================
|           Line           |  full/ parallel  |
===============================================
|           788            |    auto/auto     |
===============================================

Statistics for case statements in always block at line 820 in file
	'/home/RAID2/COURSE/iclab/iclab039/Final_Project/01_RTL/TOF.v'
===============================================
|           Line           |  full/ parallel  |
===============================================
|           823            |    auto/auto     |
===============================================

Statistics for case statements in always block at line 1415 in file
	'/home/RAID2/COURSE/iclab/iclab039/Final_Project/01_RTL/TOF.v'
===============================================
|           Line           |  full/ parallel  |
===============================================
|           1425           |    auto/auto     |
===============================================

Statistics for case statements in always block at line 1486 in file
	'/home/RAID2/COURSE/iclab/iclab039/Final_Project/01_RTL/TOF.v'
===============================================
|           Line           |  full/ parallel  |
===============================================
|           1498           |    auto/auto     |
===============================================

Inferred memory devices in process
	in routine TOF line 276 in file
		'/home/RAID2/COURSE/iclab/iclab039/Final_Project/01_RTL/TOF.v'.
===============================================================================
|    Register Name    |   Type    | Width | Bus | MB | AR | AS | SR | SS | ST |
===============================================================================
|  current_state_reg  | Flip-flop |   3   |  Y  | N  | Y  | N  | N  | N  | N  |
===============================================================================

Inferred memory devices in process
	in routine TOF line 307 in file
		'/home/RAID2/COURSE/iclab/iclab039/Final_Project/01_RTL/TOF.v'.
===============================================================================
|    Register Name    |   Type    | Width | Bus | MB | AR | AS | SR | SS | ST |
===============================================================================
|      busy_reg       | Flip-flop |   1   |  N  | N  | Y  | N  | N  | N  | N  |
===============================================================================

Inferred memory devices in process
	in routine TOF line 319 in file
		'/home/RAID2/COURSE/iclab/iclab039/Final_Project/01_RTL/TOF.v'.
==================================================================================
|     Register Name      |   Type    | Width | Bus | MB | AR | AS | SR | SS | ST |
==================================================================================
| current_calc_state_reg | Flip-flop |   3   |  Y  | N  | Y  | N  | N  | N  | N  |
==================================================================================

Inferred memory devices in process
	in routine TOF line 351 in file
		'/home/RAID2/COURSE/iclab/iclab039/Final_Project/01_RTL/TOF.v'.
===============================================================================
|    Register Name    |   Type    | Width | Bus | MB | AR | AS | SR | SS | ST |
===============================================================================
|       cnt_reg       | Flip-flop |   8   |  Y  | N  | Y  | N  | N  | N  | N  |
===============================================================================

Inferred memory devices in process
	in routine TOF line 388 in file
		'/home/RAID2/COURSE/iclab/iclab039/Final_Project/01_RTL/TOF.v'.
===============================================================================
|    Register Name    |   Type    | Width | Bus | MB | AR | AS | SR | SS | ST |
===============================================================================
| cnt_buffer_arr_reg  | Flip-flop |   8   |  Y  | N  | Y  | N  | N  | N  | N  |
===============================================================================

Inferred memory devices in process
	in routine TOF line 393 in file
		'/home/RAID2/COURSE/iclab/iclab039/Final_Project/01_RTL/TOF.v'.
===============================================================================
|    Register Name    |   Type    | Width | Bus | MB | AR | AS | SR | SS | ST |
===============================================================================
| cnt_buffer_arr_reg  | Flip-flop |  192  |  Y  | N  | Y  | N  | N  | N  | N  |
===============================================================================

Inferred memory devices in process
	in routine TOF line 402 in file
		'/home/RAID2/COURSE/iclab/iclab039/Final_Project/01_RTL/TOF.v'.
==================================================================================
|     Register Name      |   Type    | Width | Bus | MB | AR | AS | SR | SS | ST |
==================================================================================
| in_calc_buffer_arr_reg | Flip-flop |   1   |  N  | N  | Y  | N  | N  | N  | N  |
==================================================================================

Inferred memory devices in process
	in routine TOF line 408 in file
		'/home/RAID2/COURSE/iclab/iclab039/Final_Project/01_RTL/TOF.v'.
==================================================================================
|     Register Name      |   Type    | Width | Bus | MB | AR | AS | SR | SS | ST |
==================================================================================
| in_calc_buffer_arr_reg | Flip-flop |  24   |  Y  | N  | Y  | N  | N  | N  | N  |
==================================================================================

Inferred memory devices in process
	in routine TOF line 417 in file
		'/home/RAID2/COURSE/iclab/iclab039/Final_Project/01_RTL/TOF.v'.
=================================================================================
|     Register Name     |   Type    | Width | Bus | MB | AR | AS | SR | SS | ST |
=================================================================================
| current_axi_state_reg | Flip-flop |   3   |  Y  | N  | Y  | N  | N  | N  | N  |
=================================================================================

Inferred memory devices in process
	in routine TOF line 442 in file
		'/home/RAID2/COURSE/iclab/iclab039/Final_Project/01_RTL/TOF.v'.
===============================================================================
|    Register Name    |   Type    | Width | Bus | MB | AR | AS | SR | SS | ST |
===============================================================================
|  frame_id_val_reg   | Flip-flop |   5   |  Y  | N  | Y  | N  | N  | N  | N  |
|    type_val_reg     | Flip-flop |   2   |  Y  | N  | Y  | N  | N  | N  | N  |
===============================================================================

Inferred memory devices in process
	in routine TOF line 472 in file
		'/home/RAID2/COURSE/iclab/iclab039/Final_Project/01_RTL/TOF.v'.
===============================================================================
|    Register Name    |   Type    | Width | Bus | MB | AR | AS | SR | SS | ST |
===============================================================================
|     mem_wen_reg     | Flip-flop |  16   |  Y  | N  | N  | Y  | N  | N  | N  |
===============================================================================

Inferred memory devices in process
	in routine TOF line 488 in file
		'/home/RAID2/COURSE/iclab/iclab039/Final_Project/01_RTL/TOF.v'.
===============================================================================
|    Register Name    |   Type    | Width | Bus | MB | AR | AS | SR | SS | ST |
===============================================================================
|    mem_addr_reg     | Flip-flop |   4   |  Y  | N  | Y  | N  | N  | N  | N  |
===============================================================================

Inferred memory devices in process
	in routine TOF line 519 in file
		'/home/RAID2/COURSE/iclab/iclab039/Final_Project/01_RTL/TOF.v'.
===============================================================================
|    Register Name    |   Type    | Width | Bus | MB | AR | AS | SR | SS | ST |
===============================================================================
|    mem_data_reg     | Flip-flop | 1024  |  Y  | N  | Y  | N  | N  | N  | N  |
===============================================================================

Inferred memory devices in process
	in routine TOF line 586 in file
		'/home/RAID2/COURSE/iclab/iclab039/Final_Project/01_RTL/TOF.v'.
===============================================================================
|    Register Name    |   Type    | Width | Bus | MB | AR | AS | SR | SS | ST |
===============================================================================
|  bin_zero_init_reg  | Flip-flop |   1   |  N  | N  | N  | Y  | N  | N  | N  |
===============================================================================

Inferred memory devices in process
	in routine TOF line 737 in file
		'/home/RAID2/COURSE/iclab/iclab039/Final_Project/01_RTL/TOF.v'.
===============================================================================
|    Register Name    |   Type    | Width | Bus | MB | AR | AS | SR | SS | ST |
===============================================================================
|     bin_arr_reg     | Flip-flop |  112  |  Y  | N  | Y  | N  | N  | N  | N  |
===============================================================================

Inferred memory devices in process
	in routine TOF line 742 in file
		'/home/RAID2/COURSE/iclab/iclab039/Final_Project/01_RTL/TOF.v'.
===============================================================================
|    Register Name    |   Type    | Width | Bus | MB | AR | AS | SR | SS | ST |
===============================================================================
|     bin_arr_reg     | Flip-flop |  448  |  Y  | N  | Y  | N  | N  | N  | N  |
===============================================================================

Inferred memory devices in process
	in routine TOF line 820 in file
		'/home/RAID2/COURSE/iclab/iclab039/Final_Project/01_RTL/TOF.v'.
===============================================================================
|    Register Name    |   Type    | Width | Bus | MB | AR | AS | SR | SS | ST |
===============================================================================
|     bin_agg_reg     | Flip-flop |  112  |  Y  | N  | Y  | N  | N  | N  | N  |
===============================================================================

Inferred memory devices in process
	in routine TOF line 849 in file
		'/home/RAID2/COURSE/iclab/iclab039/Final_Project/01_RTL/TOF.v'.
===============================================================================
|    Register Name    |   Type    | Width | Bus | MB | AR | AS | SR | SS | ST |
===============================================================================
|     bin_agg_reg     | Flip-flop | 1568  |  Y  | N  | Y  | N  | N  | N  | N  |
===============================================================================

Inferred memory devices in process
	in routine TOF line 860 in file
		'/home/RAID2/COURSE/iclab/iclab039/Final_Project/01_RTL/TOF.v'.
===============================================================================
|    Register Name    |   Type    | Width | Bus | MB | AR | AS | SR | SS | ST |
===============================================================================
|   bin_agg_ext_reg   | Flip-flop |  176  |  Y  | N  | Y  | N  | N  | N  | N  |
===============================================================================

Inferred memory devices in process
	in routine TOF line 1415 in file
		'/home/RAID2/COURSE/iclab/iclab039/Final_Project/01_RTL/TOF.v'.
===============================================================================
|    Register Name    |   Type    | Width | Bus | MB | AR | AS | SR | SS | ST |
===============================================================================
|   max_bin_dis_reg   | Flip-flop |  128  |  Y  | N  | Y  | N  | N  | N  | N  |
|   max_bin_val_reg   | Flip-flop |  176  |  Y  | N  | Y  | N  | N  | N  | N  |
===============================================================================

Inferred memory devices in process
	in routine TOF line 1486 in file
		'/home/RAID2/COURSE/iclab/iclab039/Final_Project/01_RTL/TOF.v'.
===============================================================================
|    Register Name    |   Type    | Width | Bus | MB | AR | AS | SR | SS | ST |
===============================================================================
|  s_max_bin_loc_reg  | Flip-flop |   4   |  Y  | N  | Y  | N  | N  | N  | N  |
|  s_max_bin_val_reg  | Flip-flop |  11   |  Y  | N  | Y  | N  | N  | N  | N  |
|  s_max_bin_dis_reg  | Flip-flop |   8   |  Y  | N  | Y  | N  | N  | N  | N  |
===============================================================================

Inferred memory devices in process
	in routine TOF line 1581 in file
		'/home/RAID2/COURSE/iclab/iclab039/Final_Project/01_RTL/TOF.v'.
================================================================================
|    Register Name     |   Type    | Width | Bus | MB | AR | AS | SR | SS | ST |
================================================================================
|   predict_type_reg   | Flip-flop |   2   |  Y  | N  | Y  | N  | N  | N  | N  |
| predict_peak_val_reg | Flip-flop |  11   |  Y  | N  | Y  | N  | N  | N  | N  |
| predict_peak_dis_reg | Flip-flop |   8   |  Y  | N  | Y  | N  | N  | N  | N  |
| predict_peak_loc_reg | Flip-flop |   4   |  Y  | N  | Y  | N  | N  | N  | N  |
================================================================================
Statistics for MUX_OPs
======================================================
| block name/line  | Inputs | Outputs | # sel inputs |
======================================================
|     TOF/642      |   16   |    8    |      4       |
|     TOF/644      |   16   |    2    |      4       |
|     TOF/648      |   16   |   64    |      4       |
======================================================
Presto compilation completed successfully.
Current design is now '/home/RAID2/COURSE/iclab/iclab039/Final_Project/01_RTL/TOF.db:TOF'
Loaded 1 design.
Current design is 'TOF'.
TOF
current_design $DESIGN
Current design is 'TOF'.
{TOF}
#======================================================
#  Global Setting
#======================================================
set_wire_load_mode top
1
#======================================================
#  Set Design Constraints
#======================================================
create_clock -name "clk" -period $CYCLE clk
1
set_input_delay  0 -clock clk [all_inputs]
1
set_output_delay 0 -clock clk [all_outputs]
1
set_input_delay 0 -clock clk clk
1
set_input_delay 0 -clock clk rst_n
1
set_input_delay  [ expr $CYCLE*0.5 ] -clock clk in_valid
1
set_input_delay  [ expr $CYCLE*0.5 ] -clock clk start
1
set_input_delay  [ expr $CYCLE*0.5 ] -clock clk stop[0]
1
set_input_delay  [ expr $CYCLE*0.5 ] -clock clk stop[1]
1
set_input_delay  [ expr $CYCLE*0.5 ] -clock clk stop[2]
1
set_input_delay  [ expr $CYCLE*0.5 ] -clock clk stop[3]
1
set_input_delay  [ expr $CYCLE*0.5 ] -clock clk stop[4]
1
set_input_delay  [ expr $CYCLE*0.5 ] -clock clk stop[5]
1
set_input_delay  [ expr $CYCLE*0.5 ] -clock clk stop[6]
1
set_input_delay  [ expr $CYCLE*0.5 ] -clock clk stop[7]
1
set_input_delay  [ expr $CYCLE*0.5 ] -clock clk stop[8]
1
set_input_delay  [ expr $CYCLE*0.5 ] -clock clk stop[9]
1
set_input_delay  [ expr $CYCLE*0.5 ] -clock clk stop[10]
1
set_input_delay  [ expr $CYCLE*0.5 ] -clock clk stop[11]
1
set_input_delay  [ expr $CYCLE*0.5 ] -clock clk stop[12]
1
set_input_delay  [ expr $CYCLE*0.5 ] -clock clk stop[13]
1
set_input_delay  [ expr $CYCLE*0.5 ] -clock clk stop[14]
1
set_input_delay  [ expr $CYCLE*0.5 ] -clock clk stop[15]
1
set_input_delay  [ expr $CYCLE*0.5 ] -clock clk inputtype[0]
1
set_input_delay  [ expr $CYCLE*0.5 ] -clock clk inputtype[1]
1
set_input_delay  [ expr $CYCLE*0.5 ] -clock clk frame_id[0]
1
set_input_delay  [ expr $CYCLE*0.5 ] -clock clk frame_id[1]
1
set_input_delay  [ expr $CYCLE*0.5 ] -clock clk frame_id[2]
1
set_input_delay  [ expr $CYCLE*0.5 ] -clock clk frame_id[3]
1
set_input_delay  [ expr $CYCLE*0.5 ] -clock clk frame_id[4]
1
set_output_delay [ expr $CYCLE*0.5 ] -clock clk busy
1
set_load 0.05 [all_outputs]
1
set_dont_use slow/JKFF*
1
#======================================================
#  Optimization
#======================================================
check_design > Report/$DESIGN\.check
set_fix_multiple_port_nets -all -buffer_constants
1
compile_ultra
Information: Performing power optimization. (PWR-850)
Analyzing: "/RAID2/COURSE/iclab/iclabta01/umc018/Synthesis/slow.db"
Library analysis succeeded.
Information: Evaluating DesignWare library utilization. (UISN-27)

============================================================================
| DesignWare Building Block Library  |         Version         | Available |
============================================================================
| Basic DW Building Blocks           | Q-2019.12-DWBB_201912.0 |     *     |
| Licensed DW Building Blocks        | Q-2019.12-DWBB_201912.0 |     *     |
============================================================================

Information: Sequential output inversion is enabled.  SVF file must be used for formal verification. (OPT-1208)

Information: There are 1470 potential problems in your design. Please run 'check_design' for more information. (LINT-99)

  Simplifying Design 'TOF'

Loaded alib file './alib-52/slow.db.alib'
  Building model 'DW01_NAND2'
Information: Ungrouping 0 of 1 hierarchies before Pass 1 (OPT-775)
Information: State dependent leakage is now switched from on to off.

  Beginning Pass 1 Mapping
  ------------------------
  Processing 'TOF'
Information: Added key list 'DesignWare' to design 'TOF'. (DDB-72)
Information: The register 'bin_arr_reg[15][0][4]' is a constant and will be removed. (OPT-1206)
Information: The register 'bin_arr_reg[15][0][5]' is a constant and will be removed. (OPT-1206)
Information: The register 'bin_arr_reg[15][0][6]' is a constant and will be removed. (OPT-1206)
Information: The register 'bin_arr_reg[14][0][4]' is a constant and will be removed. (OPT-1206)
Information: The register 'bin_arr_reg[14][0][5]' is a constant and will be removed. (OPT-1206)
Information: The register 'bin_arr_reg[14][0][6]' is a constant and will be removed. (OPT-1206)
Information: The register 'bin_arr_reg[13][0][4]' is a constant and will be removed. (OPT-1206)
Information: The register 'bin_arr_reg[13][0][5]' is a constant and will be removed. (OPT-1206)
Information: The register 'bin_arr_reg[13][0][6]' is a constant and will be removed. (OPT-1206)
Information: The register 'bin_arr_reg[12][0][4]' is a constant and will be removed. (OPT-1206)
Information: The register 'bin_arr_reg[12][0][5]' is a constant and will be removed. (OPT-1206)
Information: The register 'bin_arr_reg[12][0][6]' is a constant and will be removed. (OPT-1206)
Information: The register 'bin_arr_reg[11][0][4]' is a constant and will be removed. (OPT-1206)
Information: The register 'bin_arr_reg[11][0][5]' is a constant and will be removed. (OPT-1206)
Information: The register 'bin_arr_reg[11][0][6]' is a constant and will be removed. (OPT-1206)
Information: The register 'bin_arr_reg[10][0][4]' is a constant and will be removed. (OPT-1206)
Information: The register 'bin_arr_reg[10][0][5]' is a constant and will be removed. (OPT-1206)
Information: The register 'bin_arr_reg[10][0][6]' is a constant and will be removed. (OPT-1206)
Information: The register 'bin_arr_reg[9][0][4]' is a constant and will be removed. (OPT-1206)
Information: The register 'bin_arr_reg[9][0][5]' is a constant and will be removed. (OPT-1206)
Information: The register 'bin_arr_reg[9][0][6]' is a constant and will be removed. (OPT-1206)
Information: The register 'bin_arr_reg[8][0][4]' is a constant and will be removed. (OPT-1206)
Information: The register 'bin_arr_reg[8][0][5]' is a constant and will be removed. (OPT-1206)
Information: The register 'bin_arr_reg[8][0][6]' is a constant and will be removed. (OPT-1206)
Information: The register 'bin_arr_reg[7][0][4]' is a constant and will be removed. (OPT-1206)
Information: The register 'bin_arr_reg[7][0][5]' is a constant and will be removed. (OPT-1206)
Information: The register 'bin_arr_reg[7][0][6]' is a constant and will be removed. (OPT-1206)
Information: The register 'bin_arr_reg[6][0][4]' is a constant and will be removed. (OPT-1206)
Information: The register 'bin_arr_reg[6][0][5]' is a constant and will be removed. (OPT-1206)
Information: The register 'bin_arr_reg[6][0][6]' is a constant and will be removed. (OPT-1206)
Information: The register 'bin_arr_reg[5][0][4]' is a constant and will be removed. (OPT-1206)
Information: The register 'bin_arr_reg[5][0][5]' is a constant and will be removed. (OPT-1206)
Information: The register 'bin_arr_reg[5][0][6]' is a constant and will be removed. (OPT-1206)
Information: The register 'bin_arr_reg[4][0][4]' is a constant and will be removed. (OPT-1206)
Information: The register 'bin_arr_reg[4][0][5]' is a constant and will be removed. (OPT-1206)
Information: The register 'bin_arr_reg[4][0][6]' is a constant and will be removed. (OPT-1206)
Information: The register 'bin_arr_reg[3][0][4]' is a constant and will be removed. (OPT-1206)
Information: The register 'bin_arr_reg[3][0][5]' is a constant and will be removed. (OPT-1206)
Information: The register 'bin_arr_reg[3][0][6]' is a constant and will be removed. (OPT-1206)
Information: The register 'bin_arr_reg[2][0][4]' is a constant and will be removed. (OPT-1206)
Information: The register 'bin_arr_reg[2][0][5]' is a constant and will be removed. (OPT-1206)
Information: The register 'bin_arr_reg[2][0][6]' is a constant and will be removed. (OPT-1206)
Information: The register 'bin_arr_reg[1][0][4]' is a constant and will be removed. (OPT-1206)
Information: The register 'bin_arr_reg[1][0][5]' is a constant and will be removed. (OPT-1206)
Information: The register 'bin_arr_reg[1][0][6]' is a constant and will be removed. (OPT-1206)
Information: The register 'bin_arr_reg[0][0][4]' is a constant and will be removed. (OPT-1206)
Information: The register 'bin_arr_reg[0][0][5]' is a constant and will be removed. (OPT-1206)
Information: The register 'bin_arr_reg[0][0][6]' is a constant and will be removed. (OPT-1206)
 Implement Synthetic for 'TOF'.

  Updating timing information
Information: Updating design information... (UID-85)
Information: The library cell 'HOLDX1' in the library 'slow' is not characterized for internal power. (PWR-536)
Information: The target library(s) contains cell(s), other than black boxes, that are not characterized for internal power. (PWR-24)

  Beginning Mapping Optimizations  (Ultra High effort)
  -------------------------------
  Mapping Optimization (Phase 1)
  Mapping Optimization (Phase 2)
  Mapping Optimization (Phase 3)

                                  TOTAL                                                
   ELAPSED            WORST NEG   SETUP    DESIGN                              LEAKAGE 
    TIME      AREA      SLACK     COST    RULE COST         ENDPOINT            POWER  
  --------- --------- --------- --------- --------- ------------------------- ---------
    0:00:53 2352306.1      0.66      48.8       0.0                           129065296.0000
    0:00:53 2352173.0      0.66      55.0       0.0                           129047528.0000

  Beginning Constant Register Removal
  -----------------------------------
    0:00:54 2352173.0      0.66      55.0       0.0                           129047528.0000
    0:00:54 2352173.0      0.66      55.0       0.0                           129047528.0000

  Beginning Global Optimizations
  ------------------------------
  Numerical Synthesis (Phase 1)
  Numerical Synthesis (Phase 2)
  Global Optimization (Phase 1)
  Global Optimization (Phase 2)
  Global Optimization (Phase 3)
  Global Optimization (Phase 4)
  Global Optimization (Phase 5)
  Global Optimization (Phase 6)
  Global Optimization (Phase 7)
  Global Optimization (Phase 8)
  Global Optimization (Phase 9)
  Global Optimization (Phase 10)
  Global Optimization (Phase 11)
  Global Optimization (Phase 12)
  Global Optimization (Phase 13)
  Global Optimization (Phase 14)
  Global Optimization (Phase 15)
  Global Optimization (Phase 16)
  Global Optimization (Phase 17)
  Global Optimization (Phase 18)
  Global Optimization (Phase 19)
  Global Optimization (Phase 20)
  Global Optimization (Phase 21)
  Global Optimization (Phase 22)
  Global Optimization (Phase 23)
  Global Optimization (Phase 24)
  Global Optimization (Phase 25)
  Global Optimization (Phase 26)
  Global Optimization (Phase 27)
  Global Optimization (Phase 28)
  Global Optimization (Phase 29)
  Global Optimization (Phase 30)
  Global Optimization (Phase 31)

  Beginning Isolate Ports
  -----------------------

  Beginning Delay Optimization
  ----------------------------
    0:01:01 2030656.5      2.44    2082.3       2.7                           53027012.0000
    0:01:10 2040775.4      0.08       3.9       1.6                           55253916.0000
    0:01:10 2040775.4      0.08       3.9       1.6                           55253916.0000
    0:01:10 2040675.6      0.07       3.8       1.6                           55313840.0000
    0:01:12 2040635.7      0.07       3.7       1.6                           55309008.0000
    0:01:13 2039917.2      0.17       7.8       1.5                           55229536.0000

  Beginning WLM Backend Optimization
  --------------------------------------
    0:01:17 2032679.0      0.12       6.2       0.7                           53559816.0000
    0:01:18 2032742.2      0.09       3.6       0.7                           53517664.0000
    0:01:18 2032742.2      0.09       3.6       0.7                           53517664.0000
    0:01:19 2031677.7      0.08       2.9       0.0                           51866816.0000
    0:01:19 2031677.7      0.08       2.9       0.0                           51866816.0000
    0:01:26 2038746.3      0.10       3.8       0.0                           52988800.0000
    0:01:26 2038746.3      0.10       3.8       0.0                           52988800.0000
    0:01:27 2040542.6      0.03       0.9       0.0                           53436512.0000
    0:01:27 2040542.6      0.03       0.9       0.0                           53436512.0000
    0:01:28 2040795.4      0.03       0.9       0.0                           53480296.0000
    0:01:28 2040795.4      0.03       0.9       0.0                           53480296.0000
    0:01:28 2041158.0      0.00       0.0       0.0                           53561204.0000
    0:01:28 2041158.0      0.00       0.0       0.0                           53561204.0000
    0:01:28 2041158.0      0.00       0.0       0.0                           53561204.0000
    0:01:28 2041158.0      0.00       0.0       0.0                           53561204.0000
    0:01:28 2041158.0      0.00       0.0       0.0                           53561204.0000
    0:01:28 2041158.0      0.00       0.0       0.0                           53561204.0000
    0:01:28 2041158.0      0.00       0.0       0.0                           53561204.0000
    0:01:28 2041158.0      0.00       0.0       0.0                           53561204.0000
    0:01:28 2041158.0      0.00       0.0       0.0                           53561204.0000
    0:01:28 2041158.0      0.00       0.0       0.0                           53561204.0000
    0:01:28 2041158.0      0.00       0.0       0.0                           53561204.0000
    0:01:28 2041158.0      0.00       0.0       0.0                           53561204.0000
    0:01:28 2041158.0      0.00       0.0       0.0                           53561204.0000


  Beginning Leakage Power Optimization  (max_leakage_power 0)
  ------------------------------------

                                  TOTAL                                                
   ELAPSED            WORST NEG   SETUP    DESIGN                              LEAKAGE 
    TIME      AREA      SLACK     COST    RULE COST         ENDPOINT            POWER  
  --------- --------- --------- --------- --------- ------------------------- ---------
    0:01:28 2041158.0      0.00       0.0       0.0                           53561204.0000
  Global Optimization (Phase 32)
  Global Optimization (Phase 33)
  Global Optimization (Phase 34)
  Global Optimization (Phase 35)
  Global Optimization (Phase 36)
  Global Optimization (Phase 37)
  Global Optimization (Phase 38)
  Global Optimization (Phase 39)
  Global Optimization (Phase 40)
  Global Optimization (Phase 41)
  Global Optimization (Phase 42)
  Global Optimization (Phase 43)
  Global Optimization (Phase 44)
  Global Optimization (Phase 45)
  Global Optimization (Phase 46)
  Global Optimization (Phase 47)
    0:01:35 2038972.5      0.09       5.9       0.0                           51362572.0000
    0:01:45 2048629.1      0.06       1.8       0.0                           53168308.0000
    0:01:45 2048629.1      0.06       1.8       0.0                           53168308.0000
    0:01:47 2041061.5      0.05       1.3       0.0                           51686340.0000
    0:01:47 2041061.5      0.05       1.3       0.0                           51686340.0000
    0:01:49 2044743.8      0.08       2.3       0.0                           52338648.0000
    0:01:49 2044743.8      0.08       2.3       0.0                           52338648.0000
    0:01:50 2045711.8      0.00       0.0       0.0                           52602236.0000
    0:01:50 2045711.8      0.00       0.0       0.0                           52602236.0000
    0:01:52 2045715.1      0.00       0.0       0.0                           52603144.0000
    0:01:52 2045715.1      0.00       0.0       0.0                           52603144.0000
    0:01:52 2045718.5      0.00       0.0       0.0                           52607872.0000
    0:01:52 2045718.5      0.00       0.0       0.0                           52607872.0000
    0:01:52 2045718.5      0.00       0.0       0.0                           52607872.0000
    0:01:52 2045718.5      0.00       0.0       0.0                           52607872.0000
    0:01:52 2045718.5      0.00       0.0       0.0                           52607872.0000
    0:01:52 2045718.5      0.00       0.0       0.0                           52607872.0000
    0:01:52 2045718.5      0.00       0.0       0.0                           52607872.0000
    0:01:52 2045718.5      0.00       0.0       0.0                           52607872.0000
    0:01:52 2045718.5      0.00       0.0       0.0                           52607872.0000
    0:01:52 2045718.5      0.00       0.0       0.0                           52607872.0000
    0:01:52 2045718.5      0.00       0.0       0.0                           52607872.0000

                                  TOTAL                                                
   ELAPSED            WORST NEG   SETUP    DESIGN                              LEAKAGE 
    TIME      AREA      SLACK     COST    RULE COST         ENDPOINT            POWER  
  --------- --------- --------- --------- --------- ------------------------- ---------
    0:01:53 2047205.4      0.00       0.0       0.0                           52644744.0000
    0:01:55 2038643.2      0.00       0.0       0.0                           51134268.0000
    0:01:55 2038643.2      0.00       0.0       0.0                           51134268.0000
    0:01:55 2038643.2      0.00       0.0       0.0                           51134268.0000
    0:01:56 2036720.5      0.00       0.0       0.0                           50764480.0000
    0:01:58 2035283.5      0.00       0.0       0.0                           50455028.0000
    0:01:58 2035283.5      0.00       0.0       0.0                           50455028.0000
    0:01:58 2035283.5      0.00       0.0       0.0                           50455028.0000
    0:01:58 2035283.5      0.00       0.0       0.0                           50455028.0000
    0:01:58 2035283.5      0.00       0.0       0.0                           50455028.0000
    0:01:58 2035283.5      0.00       0.0       0.0                           50455028.0000
    0:02:00 2031089.0      0.00       0.0       0.0                           49694296.0000
Loading db file '/RAID2/COURSE/iclab/iclabta01/umc018/Synthesis/slow.db'
Loading db file '/home/RAID2/COURSE/iclab/iclab039/Final_Project/04_MEM/BIN_MEM_200MHz.db'


Note: Symbol # after min delay cost means estimated hold TNS across all active scenarios 


  Optimization Complete
  ---------------------
Warning: Design 'TOF' contains 2 high-fanout nets. A fanout number of 1000 will be used for delay calculations involving these nets. (TIM-134)
     Net 'clk': 4031 load(s), 1 driver(s)
     Net 'rst_n': 4015 load(s), 1 driver(s)
Information: State dependent leakage is now switched from off to on.
Information: Propagating switching activity (low effort zero delay simulation). (PWR-6)
Warning: Design has unannotated black box outputs. (PWR-428)
1
#======================================================
#  Output Reports 
#======================================================
report_timing >  Report/$DESIGN\.timing
report_area >  Report/$DESIGN\.area
report_resource >  Report/$DESIGN\.resource
#======================================================
#  Change Naming Rule
#======================================================
set bus_inference_style "%s\[%d\]"
%s[%d]
set bus_naming_style "%s\[%d\]"
%s[%d]
set hdlout_internal_busses true
true
change_names -hierarchy -rule verilog
1
define_name_rules name_rule -allowed "a-z A-Z 0-9 _" -max_length 255 -type cell
1
define_name_rules name_rule -allowed "a-z A-Z 0-9 _[]" -max_length 255 -type net
1
define_name_rules name_rule -map {{"\\*cell\\*" "cell"}}
1
change_names -hierarchy -rules name_rule
1
#======================================================
#  Output Results
#======================================================
set verilogout_higher_designs_first true
true
write -format verilog -output Netlist/$DESIGN\_SYN.v -hierarchy
Writing verilog file '/home/RAID2/COURSE/iclab/iclab039/Final_Project/02_SYN/Netlist/TOF_SYN.v'.
1
write_sdc Netlist/CHIP.sdc
1
write_sdf -version 3.0 -context verilog -load_delay cell Netlist/$DESIGN\_SYN.sdf -significant_digits 6
Information: Writing timing information to file '/home/RAID2/COURSE/iclab/iclab039/Final_Project/02_SYN/Netlist/TOF_SYN.sdf'. (WT-3)
1
#======================================================
#  Finish and Quit
#======================================================
report_area
 
****************************************
Report : area
Design : TOF
Version: R-2020.09
Date   : Tue Jun 14 16:56:01 2022
****************************************

Library(s) Used:

    slow (File: /RAID2/COURSE/iclab/iclabta01/umc018/Synthesis/slow.db)
    USERLIB (File: /home/RAID2/COURSE/iclab/iclab039/Final_Project/04_MEM/BIN_MEM_200MHz.db)

Number of ports:                          406
Number of nets:                         20608
Number of cells:                        18042
Number of combinational cells:          13861
Number of sequential cells:              4015
Number of macros/black boxes:              16
Number of buf/inv:                       2137
Number of references:                     132

Combinational area:             307359.366504
Buf/Inv area:                    22326.797542
Noncombinational area:          283422.587776
Macro/Black Box area:          1440307.000000
Net Interconnect area:      undefined  (No wire load specified)

Total cell area:               2031088.954280
Total area:                 undefined
1
report_timing
 
****************************************
Report : timing
        -path full
        -delay max
        -max_paths 1
Design : TOF
Version: R-2020.09
Date   : Tue Jun 14 16:56:01 2022
****************************************

 # A fanout number of 1000 was used for high fanout net computations.

Operating Conditions: slow   Library: slow
Wire Load Model Mode: top

  Startpoint: max_bin_val_reg_5__5_
              (rising edge-triggered flip-flop clocked by clk)
  Endpoint: s_max_bin_dis_reg_2_
            (rising edge-triggered flip-flop clocked by clk)
  Path Group: clk
  Path Type: max

  Point                                    Incr       Path
  -----------------------------------------------------------
  clock clk (rise edge)                    0.00       0.00
  clock network delay (ideal)              0.00       0.00
  max_bin_val_reg_5__5_/CK (DFFRHQX4)      0.00 #     0.00 r
  max_bin_val_reg_5__5_/Q (DFFRHQX4)       0.32       0.32 r
  U16225/Y (INVX2)                         0.09       0.40 f
  U16226/Y (OAI22X1)                       0.20       0.60 r
  U16230/Y (NOR2X1)                        0.10       0.70 f
  U16231/Y (OAI2BB1X2)                     0.10       0.80 r
  U11539/Y (NAND4X1)                       0.14       0.93 f
  U11933/Y (OAI2BB1X4)                     0.22       1.16 f
  U11932/Y (NAND2X4)                       0.18       1.33 r
  U16270/Y (MXI2X2)                        0.25       1.58 f
  U16271/Y (NAND2XL)                       0.15       1.74 r
  U12389/Y (NAND2XL)                       0.08       1.81 f
  U16284/Y (AOI2BB2XL)                     0.27       2.08 f
  U16285/Y (NAND4X1)                       0.18       2.26 r
  U16286/Y (OAI2BB1X2)                     0.11       2.38 f
  U16287/Y (BUFX8)                         0.18       2.55 f
  U9881/Y (MXI2X1)                         0.17       2.73 r
  U16409/Y (INVX2)                         0.13       2.86 f
  U16411/Y (NAND4XL)                       0.18       3.03 r
  U16417/Y (NAND4X1)                       0.14       3.17 f
  U16422/Y (OAI21X1)                       0.23       3.41 r
  U16455/Y (NAND3X2)                       0.12       3.53 f
  U16456/Y (INVX4)                         0.10       3.63 r
  U16457/Y (INVX8)                         0.07       3.70 f
  U9757/Y (BUFX8)                          0.15       3.85 f
  U9653/Y (BUFX2)                          0.20       4.05 f
  U16707/Y (INVX2)                         0.08       4.13 r
  U12686/Y (NAND2XL)                       0.13       4.26 f
  U16708/Y (NOR2X1)                        0.41       4.67 r
  U16763/Y (AOI22XL)                       0.13       4.81 f
  U16767/Y (NAND4XL)                       0.14       4.95 r
  U12679/Y (OAI2BB1X1)                     0.24       5.19 r
  U16769/Y (CLKINVX2)                      0.08       5.27 f
  U16770/Y (OAI2BB1X2)                     0.07       5.34 r
  s_max_bin_dis_reg_2_/D (DFFRX4)          0.00       5.34 r
  data arrival time                                   5.34

  clock clk (rise edge)                    5.50       5.50
  clock network delay (ideal)              0.00       5.50
  s_max_bin_dis_reg_2_/CK (DFFRX4)         0.00       5.50 r
  library setup time                      -0.16       5.34
  data required time                                  5.34
  -----------------------------------------------------------
  data required time                                  5.34
  data arrival time                                  -5.34
  -----------------------------------------------------------
  slack (MET)                                         0.00


1
exit

Memory usage for this session 272 Mbytes.
Memory usage for this session including child processes 369 Mbytes.
CPU usage for this session 173 seconds ( 0.05 hours ).
Elapsed time for this session 178 seconds ( 0.05 hours ).

Thank you...
